  bidb.cpp
  dashboard.cpp
  graphics.cpp
  modules.cpp
  main.cpp
  bapi.cpp
  token.cpp
  frontObj.cpp
  dio.cpp
  JSON.cpp
  JSON_adm.cpp
  JSON_bulk.cpp
  JSON_cyc.cpp
  JSON_emp.cpp
  JSON_guest.cpp
  JSON_lock.cpp
  JSON_mod.cpp
  JSON_net.cpp
  JSON_std.cpp
  JSON_stu.cpp
  Compiling...
  JSON_sup.cpp
  JSON_txn.cpp
  Generating code
  Previous IPDB not found, fall back to full compilation.
  All 337 functions were compiled because no usable IPDB/IOBJ from previous compilation was found.
  Finished generating code
  Joker.vcxproj -> C:\dev\joker\Joker\x64\Release\Joker.exe
