c:\dev\joker\joker\obj\vc142.pdb
c:\dev\joker\joker\obj\vc142.idb
c:\dev\joker\joker\obj\dio.obj
c:\dev\joker\joker\obj\bidb.obj
c:\dev\joker\joker\obj\token.obj
c:\dev\joker\joker\obj\json.obj
c:\dev\joker\joker\obj\bapi.obj
c:\dev\joker\joker\obj\main.obj
c:\dev\joker\joker\obj\modules.obj
c:\dev\joker\joker\obj\graphics.obj
c:\dev\joker\joker\obj\dashboard.obj
c:\dev\joker\joker\obj\frontobj.obj
c:\dev\joker\joker\obj\coor.obj
c:\dev\joker\joker\bin\joker.ilk
c:\dev\joker\joker\bin\joker.exe
c:\dev\joker\joker\bin\joker.pdb
c:\dev\joker\joker\.\bin\joker.exe
c:\dev\joker\joker\obj\joker.tlog\cl.command.1.tlog
c:\dev\joker\joker\obj\joker.tlog\cl.read.1.tlog
c:\dev\joker\joker\obj\joker.tlog\cl.write.1.tlog
c:\dev\joker\joker\obj\joker.tlog\link.command.1.tlog
c:\dev\joker\joker\obj\joker.tlog\link.read.1.tlog
c:\dev\joker\joker\obj\joker.tlog\link.write.1.tlog
